<?xml version="1.0" encoding="UTF-8"?>
<!-- Generated by org.testng.reporters.JUnitXMLReporter -->
<testsuite ignored="0" hostname="HarrySindhu" failures="0" tests="2" name="FirefoxTest" time="0.079" errors="0" timestamp="2023-12-24T22:32:08 IST">
  <testcase classname="tests.MultibrowserTest3" name="Login" time="0.0">
    <skipped/>
  </testcase> <!-- Login -->
  <testcase classname="tests.MultibrowserTest3" name="Login" time="0.0">
    <skipped/>
  </testcase> <!-- Login -->
</testsuite> <!-- FirefoxTest -->
